Unity Editor version:    2021.3.6f1 (7da38d85baf6)
Branch:                  2021.3/staging
Build type:              Release
Batch mode:              YES
macOS version:           Version 12.4 (Build 21F79)
Darwin version:          21.5.0
Architecture:            x86_64
Running under Rosetta:   NO
Available memory:        8192 MB
Using pre-set license
Pro License: YES

COMMAND LINE ARGUMENTS:
/Applications/Unity/Hub/Editor/2021.3.6f1/Unity.app/Contents/MacOS/Unity
-adb2
-batchMode
-noUpm
-name
AssetImportWorker3
-projectPath
/Users/failworksgame/Documents/GitHub/Johnny-Longhand
-logFile
Logs/AssetImportWorker3.log
-srvPort
49300
Successfully changed project path to: /Users/failworksgame/Documents/GitHub/Johnny-Longhand
/Users/failworksgame/Documents/GitHub/Johnny-Longhand
[UnityMemory] Configuration Parameters - Can be set up in boot.config
    "memorysetup-bucket-allocator-granularity=16"
    "memorysetup-bucket-allocator-bucket-count=8"
    "memorysetup-bucket-allocator-block-size=33554432"
    "memorysetup-bucket-allocator-block-count=8"
    "memorysetup-main-allocator-block-size=16777216"
    "memorysetup-thread-allocator-block-size=16777216"
    "memorysetup-gfx-main-allocator-block-size=16777216"
    "memorysetup-gfx-thread-allocator-block-size=16777216"
    "memorysetup-cache-allocator-block-size=4194304"
    "memorysetup-typetree-allocator-block-size=2097152"
    "memorysetup-profiler-bucket-allocator-granularity=16"
    "memorysetup-profiler-bucket-allocator-bucket-count=8"
    "memorysetup-profiler-bucket-allocator-block-size=33554432"
    "memorysetup-profiler-bucket-allocator-block-count=8"
    "memorysetup-profiler-allocator-block-size=16777216"
    "memorysetup-profiler-editor-allocator-block-size=1048576"
    "memorysetup-temp-allocator-size-main=16777216"
    "memorysetup-job-temp-allocator-block-size=2097152"
    "memorysetup-job-temp-allocator-block-size-background=1048576"
    "memorysetup-job-temp-allocator-reduction-small-platforms=262144"
    "memorysetup-temp-allocator-size-background-worker=32768"
    "memorysetup-temp-allocator-size-job-worker=262144"
    "memorysetup-temp-allocator-size-preload-manager=33554432"
    "memorysetup-temp-allocator-size-nav-mesh-worker=65536"
    "memorysetup-temp-allocator-size-audio-worker=65536"
    "memorysetup-temp-allocator-size-cloud-worker=32768"
    "memorysetup-temp-allocator-size-gi-baking-worker=262144"
    "memorysetup-temp-allocator-size-gfx=262144"
Refreshing native plugins compatible for Editor in 104.89 ms, found 3 plugins.
Preloading 0 native plugins for Editor in 0.00 ms.
Initialize engine version: 2021.3.6f1 (7da38d85baf6)
[Subsystems] Discovering subsystems at path /Applications/Unity/Hub/Editor/2021.3.6f1/Unity.app/Contents/Resources/UnitySubsystems
[Subsystems] Discovering subsystems at path /Users/failworksgame/Documents/GitHub/Johnny-Longhand/Assets
GfxDevice: creating device client; threaded=0; jobified=0
E2251 preferred device: Intel(R) Iris(TM) Plus Graphics 655 (low power)
Metal devices available: 1
0: Intel(R) Iris(TM) Plus Graphics 655 (low power)
Using device Intel(R) Iris(TM) Plus Graphics 655 (low power)
Initializing Metal device caps: Intel(R) Iris(TM) Plus Graphics 655
Initialize mono
Mono path[0] = '/Applications/Unity/Hub/Editor/2021.3.6f1/Unity.app/Contents/Managed'
Mono path[1] = '/Applications/Unity/Hub/Editor/2021.3.6f1/Unity.app/Contents/MonoBleedingEdge/lib/mono/unityjit-macos'
Mono config path = '/Applications/Unity/Hub/Editor/2021.3.6f1/Unity.app/Contents/MonoBleedingEdge/etc'
Using monoOptions --debugger-agent=transport=dt_socket,embedding=1,server=y,suspend=n,address=127.0.0.1:56638
Begin MonoManager ReloadAssembly
Registering precompiled unity dll's ...
Register platform support module: /Applications/Unity/Hub/Editor/2021.3.6f1/Unity.app/Contents/PlaybackEngines/MacStandaloneSupport/UnityEditor.OSXStandalone.Extensions.dll
Register platform support module: /Applications/Unity/Hub/Editor/2021.3.6f1/PlaybackEngines/iOSSupport/UnityEditor.iOS.Extensions.dll
Registered in 0.000931 seconds.
[usbmuxd] Start listen thread
[usbmuxd] Listen thread started
[usbmuxd] Send listen message
Native extension for iOS target not found
Native extension for OSXStandalone target not found
Refreshing native plugins compatible for Editor in 95.79 ms, found 3 plugins.
Preloading 0 native plugins for Editor in 0.00 ms.
Mono: successfully reloaded assembly
- Completed reload, in  0.840 seconds
Domain Reload Profiling:
	ReloadAssembly (840ms)
		BeginReloadAssembly (82ms)
			ExecutionOrderSort (0ms)
			DisableScriptedObjects (0ms)
			BackupInstance (0ms)
			ReleaseScriptingObjects (0ms)
			CreateAndSetChildDomain (1ms)
		EndReloadAssembly (626ms)
			LoadAssemblies (81ms)
			RebuildTransferFunctionScriptingTraits (0ms)
			SetupTypeCache (160ms)
			ReleaseScriptCaches (0ms)
			RebuildScriptCaches (38ms)
			SetupLoadedEditorAssemblies (371ms)
				LogAssemblyErrors (0ms)
				InitializePlatformSupportModulesInManaged (53ms)
				SetLoadedEditorAssemblies (0ms)
				RefreshPlugins (96ms)
				BeforeProcessingInitializeOnLoad (1ms)
				ProcessInitializeOnLoadAttributes (163ms)
				ProcessInitializeOnLoadMethodAttributes (58ms)
				AfterProcessingInitializeOnLoad (0ms)
				EditorAssembliesLoaded (0ms)
			ExecutionOrderSort2 (0ms)
			AwakeInstancesAfterBackupRestoration (0ms)
Platform modules already initialized, skipping
Registering precompiled user dll's ...
Registered in 0.002220 seconds.
Begin MonoManager ReloadAssembly
Symbol file LoadedFromMemory doesn't match image /Users/failworksgame/Documents/GitHub/Johnny-Longhand/Library/PackageCache/com.unity.visualscripting@1.7.8/Editor/VisualScripting.Core/Dependencies/YamlDotNet/Unity.VisualScripting.YamlDotNet.dll
Symbol file LoadedFromMemory doesn't match image /Users/failworksgame/Documents/GitHub/Johnny-Longhand/Library/PackageCache/com.unity.visualscripting@1.7.8/Editor/VisualScripting.Core/Dependencies/DotNetZip/Unity.VisualScripting.IonicZip.dll
Native extension for iOS target not found
Native extension for OSXStandalone target not found
Refreshing native plugins compatible for Editor in 1.26 ms, found 3 plugins.
Preloading 0 native plugins for Editor in 0.00 ms.
Mono: successfully reloaded assembly
- Completed reload, in  1.217 seconds
Domain Reload Profiling:
	ReloadAssembly (1218ms)
		BeginReloadAssembly (111ms)
			ExecutionOrderSort (0ms)
			DisableScriptedObjects (7ms)
			BackupInstance (0ms)
			ReleaseScriptingObjects (0ms)
			CreateAndSetChildDomain (25ms)
		EndReloadAssembly (975ms)
			LoadAssemblies (75ms)
			RebuildTransferFunctionScriptingTraits (0ms)
			SetupTypeCache (349ms)
			ReleaseScriptCaches (1ms)
			RebuildScriptCaches (69ms)
			SetupLoadedEditorAssemblies (429ms)
				LogAssemblyErrors (0ms)
				InitializePlatformSupportModulesInManaged (24ms)
				SetLoadedEditorAssemblies (1ms)
				RefreshPlugins (1ms)
				BeforeProcessingInitializeOnLoad (82ms)
				ProcessInitializeOnLoadAttributes (288ms)
				ProcessInitializeOnLoadMethodAttributes (32ms)
				AfterProcessingInitializeOnLoad (1ms)
				EditorAssembliesLoaded (0ms)
			ExecutionOrderSort2 (0ms)
			AwakeInstancesAfterBackupRestoration (4ms)
Platform modules already initialized, skipping
========================================================================
Worker process is ready to serve import requests
Launching external process: /Applications/Unity/Hub/Editor/2021.3.6f1/Unity.app/Contents/Tools/UnityShaderCompiler
Launched and connected shader compiler UnityShaderCompiler after 0.07 seconds
Refreshing native plugins compatible for Editor in 0.95 ms, found 3 plugins.
Preloading 0 native plugins for Editor in 0.00 ms.
Unloading 3857 Unused Serialized files (Serialized files now loaded: 0)
Unloading 41 unused Assets / (129.6 KB). Loaded Objects now: 4301.
Memory consumption went from 249.9 MB to 249.8 MB.
Total: 4.069055 ms (FindLiveObjects: 0.370491 ms CreateObjectMapping: 0.211582 ms MarkObjects: 3.328960 ms  DeleteObjects: 0.157020 ms)

AssetImportParameters requested are different than current active one (requested -> active):
  custom:video-decoder-ogg-theora: a1e56fd34408186e4bbccfd4996cb3dc -> 
  custom:container-muxer-webm: aa71ff27fc2769a1b78a27578f13a17b -> 
  custom:container-demuxer-webm: 4f35f7cbe854078d1ac9338744f61a02 -> 
  custom:video-encoder-webm-vp8: eb34c28f22e8b96e1ab97ce403110664 -> 
  custom:framework-osx-AVFoundation: e770b220cccbd017edd2c1fefb359320 -> 
  custom:audio-encoder-webm-vorbis: bf7c407c2cedff20999df2af8eb42d56 -> 
  custom:container-demuxer-ogg: 62fdf1f143b41e24485cea50d1cbac27 -> 
  custom:video-decoder-webm-vp8: 9c59270c3fd7afecdb556c50c9e8de78 -> 
  custom:audio-decoder-ogg-vorbis: bf7c407c2cedff20999df2af8eb42d56 -> 
========================================================================
Received Import Request.
  Time since last request: 7053.256843 seconds.
  path: Assets/Obi/Samples/RopeAndRod/SampleResources/Materials/ChainWhite.mat
  artifactKey: Guid(edc856900ac3941a98996e21e91e215e) Importer(815301076,1909f56bfc062723c751e8b465ee728b)
Start importing Assets/Obi/Samples/RopeAndRod/SampleResources/Materials/ChainWhite.mat using Guid(edc856900ac3941a98996e21e91e215e) Importer(815301076,1909f56bfc062723c751e8b465ee728b)  -> (artifact id: '37d94fe7128c38bef7735e8788b86b33') in 0.377846 seconds 
========================================================================
Received Import Request.
  Time since last request: 0.000084 seconds.
  path: Assets/Obi/Samples/RopeAndRod/SampleResources/Materials/Rod.mat
  artifactKey: Guid(9bc0d93bc33e445c7a765578064cdd1e) Importer(815301076,1909f56bfc062723c751e8b465ee728b)
Start importing Assets/Obi/Samples/RopeAndRod/SampleResources/Materials/Rod.mat using Guid(9bc0d93bc33e445c7a765578064cdd1e) Importer(815301076,1909f56bfc062723c751e8b465ee728b)  -> (artifact id: '388442d0680a4054f695679c7cfac746') in 0.015843 seconds 
========================================================================
Received Import Request.
  Time since last request: 0.000076 seconds.
  path: Assets/Obi/Samples/Common/SampleResources/Materials/FinishLine.mat
  artifactKey: Guid(d3b93997453834b97a4e8f3df52e1068) Importer(815301076,1909f56bfc062723c751e8b465ee728b)
Start importing Assets/Obi/Samples/Common/SampleResources/Materials/FinishLine.mat using Guid(d3b93997453834b97a4e8f3df52e1068) Importer(815301076,1909f56bfc062723c751e8b465ee728b)  -> (artifact id: 'e67a96f1b6c90619542c07f3194eda1e') in 0.484902 seconds 
========================================================================
Received Import Request.
  Time since last request: 0.000062 seconds.
  path: Assets/Joystick Pack/Examples/Ground.mat
  artifactKey: Guid(c569c280f0eb52a49a7b2a6b8b0cbcf8) Importer(815301076,1909f56bfc062723c751e8b465ee728b)
Start importing Assets/Joystick Pack/Examples/Ground.mat using Guid(c569c280f0eb52a49a7b2a6b8b0cbcf8) Importer(815301076,1909f56bfc062723c751e8b465ee728b)  -> (artifact id: '6e659ee327abf9a1086ceb26370972cd') in 0.128540 seconds 
========================================================================
Received Import Request.
  Time since last request: 0.000057 seconds.
  path: Assets/Joystick Pack/Examples/Player.mat
  artifactKey: Guid(59e4faf24927edf4a82f463ad16f1c37) Importer(815301076,1909f56bfc062723c751e8b465ee728b)
Start importing Assets/Joystick Pack/Examples/Player.mat using Guid(59e4faf24927edf4a82f463ad16f1c37) Importer(815301076,1909f56bfc062723c751e8b465ee728b)  -> (artifact id: '63089f79c5ffe94edb30cc991912a900') in 0.011965 seconds 
========================================================================
Received Import Request.
  Time since last request: 0.000140 seconds.
  path: Assets/Obi/Editor/Resources/TopologyPreview.mat
  artifactKey: Guid(62dd1825e029c4d6291eb024124c520a) Importer(815301076,1909f56bfc062723c751e8b465ee728b)
Start importing Assets/Obi/Editor/Resources/TopologyPreview.mat using Guid(62dd1825e029c4d6291eb024124c520a) Importer(815301076,1909f56bfc062723c751e8b465ee728b)  -> (artifact id: '24ca2b4b74a0d3ae5dda44b51f241fd8') in 0.009978 seconds 
========================================================================
Received Import Request.
  Time since last request: 0.000067 seconds.
  path: Assets/Obi/Samples/RopeAndRod/SampleResources/Materials/WrapPeg.mat
  artifactKey: Guid(d402dacd6333443e5926c03c59b7b0ad) Importer(815301076,1909f56bfc062723c751e8b465ee728b)
Start importing Assets/Obi/Samples/RopeAndRod/SampleResources/Materials/WrapPeg.mat using Guid(d402dacd6333443e5926c03c59b7b0ad) Importer(815301076,1909f56bfc062723c751e8b465ee728b)  -> (artifact id: 'ea16ddcf17b41d31ea39f4e8ec97d23e') in 0.034158 seconds 
========================================================================
Received Import Request.
  Time since last request: 0.000081 seconds.
  path: Assets/Obi/Samples/Common/SampleResources/Materials/VertexColors.mat
  artifactKey: Guid(f342c944c10cc4c9188a4f352c6a6eee) Importer(815301076,1909f56bfc062723c751e8b465ee728b)
Start importing Assets/Obi/Samples/Common/SampleResources/Materials/VertexColors.mat using Guid(f342c944c10cc4c9188a4f352c6a6eee) Importer(815301076,1909f56bfc062723c751e8b465ee728b)  -> (artifact id: 'ccfa4ae13629631ad1ee6a08f25924a1') in 0.399702 seconds 
========================================================================
Received Import Request.
  Time since last request: 0.000115 seconds.
  path: Assets/Obi/Editor/Resources/TopologyPreviewBorder.mat
  artifactKey: Guid(83b0018e22cec4650b2f51e7b1cae99f) Importer(815301076,1909f56bfc062723c751e8b465ee728b)
Start importing Assets/Obi/Editor/Resources/TopologyPreviewBorder.mat using Guid(83b0018e22cec4650b2f51e7b1cae99f) Importer(815301076,1909f56bfc062723c751e8b465ee728b)  -> (artifact id: '7ad6e7c6963ad04a2bd6787b1954d753') in 0.053208 seconds 
========================================================================
Received Import Request.
  Time since last request: 0.000064 seconds.
  path: Assets/Obi/Editor/Resources/VoxelMaterial.mat
  artifactKey: Guid(130b71128e55b4a3f9a4dceca6667bf9) Importer(815301076,1909f56bfc062723c751e8b465ee728b)
Start importing Assets/Obi/Editor/Resources/VoxelMaterial.mat using Guid(130b71128e55b4a3f9a4dceca6667bf9) Importer(815301076,1909f56bfc062723c751e8b465ee728b)  -> (artifact id: '44d7376a2f0fe4c9f2d70e5d0f948199') in 0.050823 seconds 
========================================================================
Received Import Request.
  Time since last request: 0.000070 seconds.
  path: Assets/Obi/Editor/Resources/PropertyGradientMaterial.mat
  artifactKey: Guid(cd3a36913cf194d75a271606ea32cde5) Importer(815301076,1909f56bfc062723c751e8b465ee728b)
Start importing Assets/Obi/Editor/Resources/PropertyGradientMaterial.mat using Guid(cd3a36913cf194d75a271606ea32cde5) Importer(815301076,1909f56bfc062723c751e8b465ee728b)  -> (artifact id: '447fd8e896979a82660a8ff6c2eee082') in 0.017947 seconds 
========================================================================
Received Import Request.
  Time since last request: 0.000067 seconds.
  path: Assets/Obi/Samples/Common/SampleResources/Materials/CoarseChecker.mat
  artifactKey: Guid(e78e1b735e05b4dee88b279cb6997001) Importer(815301076,1909f56bfc062723c751e8b465ee728b)
Start importing Assets/Obi/Samples/Common/SampleResources/Materials/CoarseChecker.mat using Guid(e78e1b735e05b4dee88b279cb6997001) Importer(815301076,1909f56bfc062723c751e8b465ee728b)  -> (artifact id: 'b4494636431e989184dcbd6f993bbd6f') in 0.014353 seconds 
========================================================================
Received Import Request.
  Time since last request: 0.000073 seconds.
  path: Assets/Obi/Samples/RopeAndRod/SampleResources/Materials/LineRope.mat
  artifactKey: Guid(4cc7d840058664f0f9a679178b33b5e4) Importer(815301076,1909f56bfc062723c751e8b465ee728b)
Start importing Assets/Obi/Samples/RopeAndRod/SampleResources/Materials/LineRope.mat using Guid(4cc7d840058664f0f9a679178b33b5e4) Importer(815301076,1909f56bfc062723c751e8b465ee728b)  -> (artifact id: '967d3a88499f101ff28f6298f05e1ae5') in 0.055708 seconds 
========================================================================
Received Import Request.
  Time since last request: 0.000080 seconds.
  path: Assets/Obi/Editor/Resources/EditorParticle.mat
  artifactKey: Guid(8c668cf76c548481c80404cce80ab834) Importer(815301076,1909f56bfc062723c751e8b465ee728b)
Start importing Assets/Obi/Editor/Resources/EditorParticle.mat using Guid(8c668cf76c548481c80404cce80ab834) Importer(815301076,1909f56bfc062723c751e8b465ee728b)  -> (artifact id: '7f69f73d574aaee0a8bdf9352408f1bf') in 0.028560 seconds 
========================================================================
Received Import Request.
  Time since last request: 0.000079 seconds.
  path: Assets/Obi/Resources/ObiMaterials/DistanceFieldRendering.mat
  artifactKey: Guid(f6bf1245292ed43c78875db43ca1aad3) Importer(815301076,1909f56bfc062723c751e8b465ee728b)
Start importing Assets/Obi/Resources/ObiMaterials/DistanceFieldRendering.mat using Guid(f6bf1245292ed43c78875db43ca1aad3) Importer(815301076,1909f56bfc062723c751e8b465ee728b)  -> (artifact id: '1668d29a522dbc2954dd25ec8bec05ce') in 0.038007 seconds 
Editor requested this worker to shutdown with reason: Scaling down because of idle timeout
AssetImportWorker is now disconnected from the server
Process exiting
